# JRE version: OpenJDK Runtime Environment Corretto-21.0.7.6.1 (21.0.7+6) (build 21.0.7+6-LTS)
# Java VM: OpenJDK 64-Bit Server VM Corretto-21.0.7.6.1 (21.0.7+6-LTS, mixed mode, emulated-client, sharing, tiered, compressed oops, compressed class ptrs, g1 gc, windows-amd64)
GC Precious Log:
 CardTable entry size: 512
 Card Set container configuration: InlinePtr #cards 4 size 8 Array Of Cards #cards 64 size 144 Howl #buckets 8 coarsen threshold 14745 Howl Bitmap #cards 2048 size 272 coarsen threshold 1843 Card regions per heap region 1 cards per card region 16384
 CPUs: 16 total, 16 available
 Memory: 64655M
 Large Page Support: Disabled
 NUMA Support: Disabled
 Compressed Oops: Enabled (Zero based)
 Heap Region Size: 8M
 Heap Min Capacity: 8M
 Heap Initial Capacity: 1016M
 Heap Max Capacity: 16168M
 Pre-touch: Disabled
 Parallel Workers: 13
 Concurrent Workers: 3
 Concurrent Refinement Workers: 13
 Periodic GC: Disabled
Heap:
 garbage-first heap   total 114688K, used 94409K [0x000000040d800000, 0x0000000800000000)
  region size 8192K, 8 young (65536K), 1 survivors (8192K)
 Metaspace       used 78671K, committed 79552K, reserved 1179648K
  class space    used 11258K, committed 11648K, reserved 1048576K
GC Heap History (20 events):
Event: 0.626 GC heap after
{Heap after GC invocations=2 (full 0):
 garbage-first heap   total 1040384K, used 13249K [0x000000040d800000, 0x0000000800000000)
  region size 8192K, 1 young (8192K), 1 survivors (8192K)
 Metaspace       used 18879K, committed 19264K, reserved 1114112K
  class space    used 2563K, committed 2752K, reserved 1048576K
}
Event: 0.807 GC heap before
{Heap before GC invocations=3 (full 0):
 garbage-first heap   total 81920K, used 54209K [0x000000040d800000, 0x0000000800000000)
  region size 8192K, 6 young (49152K), 1 survivors (8192K)
 Metaspace       used 24255K, committed 24704K, reserved 1114112K
  class space    used 3284K, committed 3520K, reserved 1048576K
}
Event: 0.809 GC heap after
{Heap after GC invocations=4 (full 0):
 garbage-first heap   total 81920K, used 17259K [0x000000040d800000, 0x0000000800000000)
  region size 8192K, 1 young (8192K), 1 survivors (8192K)
 Metaspace       used 24255K, committed 24704K, reserved 1114112K
  class space    used 3284K, committed 3520K, reserved 1048576K
}
Event: 1.044 GC heap before
{Heap before GC invocations=4 (full 0):
 garbage-first heap   total 81920K, used 50027K [0x000000040d800000, 0x0000000800000000)
  region size 8192K, 5 young (40960K), 1 survivors (8192K)
 Metaspace       used 28841K, committed 29376K, reserved 1114112K
  class space    used 3913K, committed 4160K, reserved 1048576K
}
Event: 1.048 GC heap after
{Heap after GC invocations=5 (full 0):
 garbage-first heap   total 81920K, used 18999K [0x000000040d800000, 0x0000000800000000)
  region size 8192K, 1 young (8192K), 1 survivors (8192K)
 Metaspace       used 28841K, committed 29376K, reserved 1114112K
  class space    used 3913K, committed 4160K, reserved 1048576K
}
Event: 1.177 GC heap before
{Heap before GC invocations=5 (full 0):
 garbage-first heap   total 81920K, used 35383K [0x000000040d800000, 0x0000000800000000)
  region size 8192K, 4 young (32768K), 1 survivors (8192K)
 Metaspace       used 31519K, committed 32128K, reserved 1114112K
  class space    used 4357K, committed 4672K, reserved 1048576K
}
Event: 1.181 GC heap after
{Heap after GC invocations=6 (full 0):
 garbage-first heap   total 81920K, used 21323K [0x000000040d800000, 0x0000000800000000)
  region size 8192K, 1 young (8192K), 1 survivors (8192K)
 Metaspace       used 31519K, committed 32128K, reserved 1114112K
  class space    used 4357K, committed 4672K, reserved 1048576K
}
Event: 1.435 GC heap before
{Heap before GC invocations=7 (full 0):
 garbage-first heap   total 81920K, used 45899K [0x000000040d800000, 0x0000000800000000)
  region size 8192K, 4 young (32768K), 1 survivors (8192K)
 Metaspace       used 39703K, committed 40320K, reserved 1114112K
  class space    used 5286K, committed 5568K, reserved 1048576K
}
Event: 1.441 GC heap after
{Heap after GC invocations=8 (full 0):
 garbage-first heap   total 81920K, used 24151K [0x000000040d800000, 0x0000000800000000)
  region size 8192K, 1 young (8192K), 1 survivors (8192K)
 Metaspace       used 39703K, committed 40320K, reserved 1114112K
  class space    used 5286K, committed 5568K, reserved 1048576K
}
Event: 1.828 GC heap before
{Heap before GC invocations=8 (full 0):
 garbage-first heap   total 81920K, used 56919K [0x000000040d800000, 0x0000000800000000)
  region size 8192K, 5 young (40960K), 1 survivors (8192K)
 Metaspace       used 46734K, committed 47424K, reserved 1114112K
  class space    used 6362K, committed 6656K, reserved 1048576K
}
Event: 1.834 GC heap after
{Heap after GC invocations=9 (full 0):
 garbage-first heap   total 565248K, used 25470K [0x000000040d800000, 0x0000000800000000)
  region size 8192K, 1 young (8192K), 1 survivors (8192K)
 Metaspace       used 46734K, committed 47424K, reserved 1114112K
  class space    used 6362K, committed 6656K, reserved 1048576K
}
Event: 2.078 GC heap before
{Heap before GC invocations=9 (full 0):
 garbage-first heap   total 565248K, used 50046K [0x000000040d800000, 0x0000000800000000)
  region size 8192K, 5 young (40960K), 1 survivors (8192K)
 Metaspace       used 53090K, committed 53760K, reserved 1114112K
  class space    used 7238K, committed 7552K, reserved 1048576K
}
Event: 2.080 GC heap after
{Heap after GC invocations=10 (full 0):
 garbage-first heap   total 565248K, used 27255K [0x000000040d800000, 0x0000000800000000)
  region size 8192K, 1 young (8192K), 1 survivors (8192K)
 Metaspace       used 53090K, committed 53760K, reserved 1114112K
  class space    used 7238K, committed 7552K, reserved 1048576K
}
Event: 2.517 GC heap before
{Heap before GC invocations=11 (full 0):
 garbage-first heap   total 114688K, used 84599K [0x000000040d800000, 0x0000000800000000)
  region size 8192K, 8 young (65536K), 1 survivors (8192K)
 Metaspace       used 64663K, committed 65408K, reserved 1114112K
  class space    used 8998K, committed 9344K, reserved 1048576K
}
Event: 2.519 GC heap after
{Heap after GC invocations=12 (full 0):
 garbage-first heap   total 114688K, used 29499K [0x000000040d800000, 0x0000000800000000)
  region size 8192K, 1 young (8192K), 1 survivors (8192K)
 Metaspace       used 64663K, committed 65408K, reserved 1114112K
  class space    used 8998K, committed 9344K, reserved 1048576K
}
Event: 2.858 GC heap before
{Heap before GC invocations=12 (full 0):
 garbage-first heap   total 114688K, used 86843K [0x000000040d800000, 0x0000000800000000)
  region size 8192K, 8 young (65536K), 1 survivors (8192K)
 Metaspace       used 70791K, committed 71488K, reserved 1114112K
  class space    used 10135K, committed 10432K, reserved 1048576K
}
Event: 2.862 GC heap after
{Heap after GC invocations=13 (full 0):
 garbage-first heap   total 114688K, used 33210K [0x000000040d800000, 0x0000000800000000)
  region size 8192K, 1 young (8192K), 1 survivors (8192K)
 Metaspace       used 70791K, committed 71488K, reserved 1114112K
  class space    used 10135K, committed 10432K, reserved 1048576K
}
Event: 3.157 GC heap before
{Heap before GC invocations=13 (full 0):
 garbage-first heap   total 114688K, used 90554K [0x000000040d800000, 0x0000000800000000)
  region size 8192K, 8 young (65536K), 1 survivors (8192K)
 Metaspace       used 76323K, committed 77184K, reserved 1179648K
  class space    used 10935K, committed 11328K, reserved 1048576K
}
Event: 3.160 GC heap after
{Heap after GC invocations=14 (full 0):
 garbage-first heap   total 114688K, used 37065K [0x000000040d800000, 0x0000000800000000)
  region size 8192K, 1 young (8192K), 1 survivors (8192K)
 Metaspace       used 76323K, committed 77184K, reserved 1179648K
  class space    used 10935K, committed 11328K, reserved 1048576K
}
Event: 1489.924 GC heap before
{Heap before GC invocations=14 (full 0):
 garbage-first heap   total 114688K, used 94409K [0x000000040d800000, 0x0000000800000000)
  region size 8192K, 8 young (65536K), 1 survivors (8192K)
 Metaspace       used 78671K, committed 79552K, reserved 1179648K
  class space    used 11258K, committed 11648K, reserved 1048576K
}

